<?xml version="1.0" encoding="UTF-8" ?>
<testsuite tests="13" failures="11" name="com.uci.oit.pts.site.controllers.HomeControllerTest" time="0.114" errors="0" skipped="0">
  <properties>
[...]
</properties>
  <testcase classname="com.uci.oit.pts.site.controllers.HomeControllerTest" name="com.uci.oit.pts.site.controllers.HomeControllerTest.testEditTicketIntStringStringString" time="0.002">
    <failure message="org/junit/Assert" type="java.lang.NoClassDefFoundError">java.lang.NoClassDefFoundError: org/junit/Assert
	at com.uci.oit.pts.site.controllers.HomeControllerTest.testEditTicketIntStringStringString(HomeControllerTest.java:126)
Caused by: java.lang.ClassNotFoundException: org.junit.Assert
	at java.net.URLClassLoader.findClass(URLClassLoader.java:381)
	at java.lang.ClassLoader.loadClass(ClassLoader.java:424)
	at sun.misc.Launcher$AppClassLoader.loadClass(Launcher.java:338)
	at java.lang.ClassLoader.loadClass(ClassLoader.java:357)
	... 19 more
</failure>
  </testcase>
  <testcase classname="com.uci.oit.pts.site.controllers.HomeControllerTest" name="com.uci.oit.pts.site.controllers.HomeControllerTest.testAddPOSTReq" time="0"/>
  <testcase classname="com.uci.oit.pts.site.controllers.HomeControllerTest" name="com.uci.oit.pts.site.controllers.HomeControllerTest.testSearch" time="0.096">
    <failure type="java.lang.NullPointerException">java.lang.NullPointerException
	at com.uci.oit.pts.site.controllers.HomeControllerTest.testSearch(HomeControllerTest.java:152)
</failure>
  </testcase>
  <testcase classname="com.uci.oit.pts.site.controllers.HomeControllerTest" name="com.uci.oit.pts.site.controllers.HomeControllerTest.testLogout" time="0"/>
  <testcase classname="com.uci.oit.pts.site.controllers.HomeControllerTest" name="com.uci.oit.pts.site.controllers.HomeControllerTest.testIndex" time="0">
    <failure type="java.lang.NullPointerException">java.lang.NullPointerException
	at com.uci.oit.pts.site.controllers.HomeControllerTest.testIndex(HomeControllerTest.java:69)
</failure>
  </testcase>
  <testcase classname="com.uci.oit.pts.site.controllers.HomeControllerTest" name="com.uci.oit.pts.site.controllers.HomeControllerTest.testGetTicket" time="0.016">
    <failure message="
Misplaced argument matcher detected here:

-&gt; at com.uci.oit.pts.site.controllers.HomeControllerTest.testSearch(HomeControllerTest.java:152)

You cannot use argument matchers outside of verification or stubbing.
Examples of correct usage of argument matchers:
    when(mock.get(anyInt())).thenReturn(null);
    doThrow(new RuntimeException()).when(mock).someVoidMethod(anyObject());
    verify(mock).someMethod(contains(&quot;foo&quot;))

Also, this error might show up because you use argument matchers with methods that cannot be mocked.
Following methods *cannot* be stubbed/verified: final/private/equals()/hashCode().
Mocking methods declared on non-public parent classes is not supported.
" type="org.mockito.exceptions.misusing.InvalidUseOfMatchersException">org.mockito.exceptions.misusing.InvalidUseOfMatchersException: 
Misplaced argument matcher detected here:
-&gt; at com.uci.oit.pts.site.controllers.HomeControllerTest.testSearch(HomeControllerTest.java:152)
You cannot use argument matchers outside of verification or stubbing.
Examples of correct usage of argument matchers:
    when(mock.get(anyInt())).thenReturn(null);
    doThrow(new RuntimeException()).when(mock).someVoidMethod(anyObject());
    verify(mock).someMethod(contains(&quot;foo&quot;))
Also, this error might show up because you use argument matchers with methods that cannot be mocked.
Following methods *cannot* be stubbed/verified: final/private/equals()/hashCode().
Mocking methods declared on non-public parent classes is not supported.

	at com.uci.oit.pts.site.controllers.HomeControllerTest.testGetTicket(HomeControllerTest.java:95)
</failure>
  </testcase>
  <testcase classname="com.uci.oit.pts.site.controllers.HomeControllerTest" name="com.uci.oit.pts.site.controllers.HomeControllerTest.testSort" time="0">
    <failure type="java.lang.NullPointerException">java.lang.NullPointerException
	at com.uci.oit.pts.site.controllers.HomeControllerTest.testSort(HomeControllerTest.java:164)
</failure>
  </testcase>
  <testcase classname="com.uci.oit.pts.site.controllers.HomeControllerTest" name="com.uci.oit.pts.site.controllers.HomeControllerTest.testGreeting" time="0">
    <failure type="java.lang.NullPointerException">java.lang.NullPointerException
	at com.uci.oit.pts.site.controllers.HomeControllerTest.testGreeting(HomeControllerTest.java:62)
</failure>
  </testcase>
  <testcase classname="com.uci.oit.pts.site.controllers.HomeControllerTest" name="com.uci.oit.pts.site.controllers.HomeControllerTest.testEditTicketModelInt" time="0">
    <failure message="org/junit/Assert" type="java.lang.NoClassDefFoundError">java.lang.NoClassDefFoundError: org/junit/Assert
	at com.uci.oit.pts.site.controllers.HomeControllerTest.testEditTicketModelInt(HomeControllerTest.java:120)
</failure>
  </testcase>
  <testcase classname="com.uci.oit.pts.site.controllers.HomeControllerTest" name="com.uci.oit.pts.site.controllers.HomeControllerTest.testGetAllTickets" time="0">
    <failure type="java.lang.NullPointerException">java.lang.NullPointerException
	at com.uci.oit.pts.site.controllers.HomeControllerTest.testGetAllTickets(HomeControllerTest.java:109)
</failure>
  </testcase>
  <testcase classname="com.uci.oit.pts.site.controllers.HomeControllerTest" name="com.uci.oit.pts.site.controllers.HomeControllerTest.testLoginStringString" time="0">
    <failure message="org/junit/Assert" type="java.lang.NoClassDefFoundError">java.lang.NoClassDefFoundError: org/junit/Assert
	at com.uci.oit.pts.site.controllers.HomeControllerTest.testLoginStringString(HomeControllerTest.java:84)
</failure>
  </testcase>
  <testcase classname="com.uci.oit.pts.site.controllers.HomeControllerTest" name="com.uci.oit.pts.site.controllers.HomeControllerTest.testAddTicketGETReq" time="0">
    <failure type="java.lang.NullPointerException">java.lang.NullPointerException
	at com.uci.oit.pts.site.controllers.HomeControllerTest.testAddTicketGETReq(HomeControllerTest.java:133)
</failure>
  </testcase>
  <testcase classname="com.uci.oit.pts.site.controllers.HomeControllerTest" name="com.uci.oit.pts.site.controllers.HomeControllerTest.testLoginModelString" time="0">
    <failure message="org/junit/Assert" type="java.lang.NoClassDefFoundError">java.lang.NoClassDefFoundError: org/junit/Assert
	at com.uci.oit.pts.site.controllers.HomeControllerTest.testLoginModelString(HomeControllerTest.java:78)
</failure>
  </testcase>
</testsuite>